2014/11/02 01:38:44 [error] [exception.CHttpException.404] exception 'CHttpException' with message 'Unable to resolve the request "category/index".' in /Users/playcrab/website/framework/web/CWebApplication.php:286
Stack trace:
#0 /Users/playcrab/website/framework/web/CWebApplication.php(141): CWebApplication->runController('category/index')
#1 /Users/playcrab/website/framework/base/CApplication.php(180): CWebApplication->processRequest()
#2 /Users/playcrab/website/easyblog/index.php(13): CApplication->run()
#3 {main}
REQUEST_URI=/easyblog/index.php?r=category/index&cid=17
HTTP_REFERER=http://website/easyblog/
---
2014/11/02 01:38:48 [error] [exception.CHttpException.404] exception 'CHttpException' with message 'Unable to resolve the request "category/index".' in /Users/playcrab/website/framework/web/CWebApplication.php:286
Stack trace:
#0 /Users/playcrab/website/framework/web/CWebApplication.php(141): CWebApplication->runController('category/index')
#1 /Users/playcrab/website/framework/base/CApplication.php(180): CWebApplication->processRequest()
#2 /Users/playcrab/website/easyblog/index.php(13): CApplication->run()
#3 {main}
REQUEST_URI=/easyblog/index.php?r=category/index&cid=16
HTTP_REFERER=http://website/easyblog/index.php?r=category/index&cid=17
---
2014/11/02 01:38:51 [error] [exception.CHttpException.404] exception 'CHttpException' with message 'Unable to resolve the request "./index.html".' in /Users/playcrab/website/framework/web/CWebApplication.php:286
Stack trace:
#0 /Users/playcrab/website/framework/web/CWebApplication.php(141): CWebApplication->runController('./index.html')
#1 /Users/playcrab/website/framework/base/CApplication.php(180): CWebApplication->processRequest()
#2 /Users/playcrab/website/easyblog/index.php(13): CApplication->run()
#3 {main}
REQUEST_URI=/easyblog/index.php?r=./index.html
HTTP_REFERER=http://website/easyblog/index.php?r=category/index&cid=16
---
2014/11/02 01:43:29 [error] [exception.CHttpException.400] exception 'CHttpException' with message 'Your request is invalid.' in /Users/playcrab/website/framework/web/CController.php:336
Stack trace:
#0 /Users/playcrab/website/framework/web/CController.php(309): CController->invalidActionParams(Object(CInlineAction))
#1 /Users/playcrab/website/framework/web/filters/CFilterChain.php(133): CController->runAction(Object(CInlineAction))
#2 /Users/playcrab/website/framework/web/widgets/COutputCache.php(165): CFilterChain->run()
#3 /Users/playcrab/website/framework/web/filters/CFilterChain.php(130): COutputCache->filter(Object(CFilterChain))
#4 /Users/playcrab/website/framework/web/CController.php(291): CFilterChain->run()
#5 /Users/playcrab/website/framework/web/CController.php(265): CController->runActionWithFilters(Object(CInlineAction), Array)
#6 /Users/playcrab/website/framework/web/CWebApplication.php(282): CController->run('')
#7 /Users/playcrab/website/framework/web/CWebApplication.php(141): CWebApplication->runController('article')
#8 /Users/playcrab/website/framework/base/CApplication.php(180): CWebApplication->processRequest()
#9 /Users/playcrab/website/easyblog/index.php(13): CApplication->run()
#10 {main}
REQUEST_URI=/easyblog/index.php?r=article
---
2014/11/02 01:44:51 [error] [exception.CHttpException.400] exception 'CHttpException' with message 'Your request is invalid.' in /Users/playcrab/website/framework/web/CController.php:336
Stack trace:
#0 /Users/playcrab/website/framework/web/CController.php(309): CController->invalidActionParams(Object(CInlineAction))
#1 /Users/playcrab/website/framework/web/CController.php(286): CController->runAction(Object(CInlineAction))
#2 /Users/playcrab/website/framework/web/CController.php(265): CController->runActionWithFilters(Object(CInlineAction), Array)
#3 /Users/playcrab/website/framework/web/CWebApplication.php(282): CController->run('')
#4 /Users/playcrab/website/framework/web/CWebApplication.php(141): CWebApplication->runController('category')
#5 /Users/playcrab/website/framework/base/CApplication.php(180): CWebApplication->processRequest()
#6 /Users/playcrab/website/easyblog/index.php(13): CApplication->run()
#7 {main}
REQUEST_URI=/easyblog/index.php?r=category
---
2014/11/02 01:48:12 [error] [exception.CHttpException.404] exception 'CHttpException' with message 'Unable to resolve the request "admin".' in /Users/playcrab/website/framework/web/CWebApplication.php:286
Stack trace:
#0 /Users/playcrab/website/framework/web/CWebApplication.php(141): CWebApplication->runController('admin')
#1 /Users/playcrab/website/framework/base/CApplication.php(180): CWebApplication->processRequest()
#2 /Users/playcrab/website/easyblog/index.php(13): CApplication->run()
#3 {main}
REQUEST_URI=/easyblog/index.php?r=admin
---
